<?xml version="1.0" encoding="UTF-8"?>
<coverage generated="1611676387">
  <project timestamp="1611676387">
    <file name="/Users/matt.rink/Code/FutureMatt/zipkin-php/src/Zipkin/DefaultErrorParser.php">
      <class name="Zipkin\DefaultErrorParser" namespace="global">
        <metrics complexity="1" methods="1" coveredmethods="1" conditionals="0" coveredconditionals="0" statements="1" coveredstatements="1" elements="2" coveredelements="2"/>
      </class>
      <line num="10" type="method" name="parseTags" visibility="public" complexity="1" crap="1" count="5"/>
      <line num="12" type="stmt" count="5"/>
      <metrics loc="14" ncloc="14" classes="1" methods="1" coveredmethods="1" conditionals="0" coveredconditionals="0" statements="1" coveredstatements="1" elements="2" coveredelements="2"/>
    </file>
    <file name="/Users/matt.rink/Code/FutureMatt/zipkin-php/src/Zipkin/DefaultTracing.php">
      <class name="Zipkin\DefaultTracing" namespace="global">
        <metrics complexity="4" methods="4" coveredmethods="4" conditionals="0" coveredconditionals="0" statements="8" coveredstatements="8" elements="12" coveredelements="12"/>
      </class>
      <line num="37" type="method" name="__construct" visibility="public" complexity="1" crap="1" count="16"/>
      <line num="48" type="stmt" count="16"/>
      <line num="49" type="stmt" count="16"/>
      <line num="59" type="stmt" count="16"/>
      <line num="60" type="stmt" count="16"/>
      <line num="61" type="stmt" count="16"/>
      <line num="66" type="method" name="getTracer" visibility="public" complexity="1" crap="1" count="13"/>
      <line num="68" type="stmt" count="13"/>
      <line num="74" type="method" name="getPropagation" visibility="public" complexity="1" crap="1" count="13"/>
      <line num="76" type="stmt" count="13"/>
      <line num="86" type="method" name="isNoop" visibility="public" complexity="1" crap="1" count="3"/>
      <line num="88" type="stmt" count="3"/>
      <metrics loc="90" ncloc="60" classes="1" methods="4" coveredmethods="4" conditionals="0" coveredconditionals="0" statements="8" coveredstatements="8" elements="12" coveredelements="12"/>
    </file>
    <file name="/Users/matt.rink/Code/FutureMatt/zipkin-php/src/Zipkin/Endpoint.php">
      <class name="Zipkin\Endpoint" namespace="global">
        <metrics complexity="21" methods="10" coveredmethods="8" conditionals="0" coveredconditionals="0" statements="35" coveredstatements="33" elements="45" coveredelements="41"/>
      </class>
      <line num="36" type="method" name="__construct" visibility="private" complexity="1" crap="1" count="71"/>
      <line num="38" type="stmt" count="71"/>
      <line num="39" type="stmt" count="71"/>
      <line num="40" type="stmt" count="71"/>
      <line num="41" type="stmt" count="71"/>
      <line num="42" type="stmt" count="71"/>
      <line num="52" type="method" name="create" visibility="public" complexity="7" crap="7" count="8"/>
      <line num="58" type="stmt" count="8"/>
      <line num="59" type="stmt" count="1"/>
      <line num="60" type="stmt" count="1"/>
      <line num="64" type="stmt" count="7"/>
      <line num="65" type="stmt" count="1"/>
      <line num="66" type="stmt" count="1"/>
      <line num="70" type="stmt" count="6"/>
      <line num="71" type="stmt" count="5"/>
      <line num="72" type="stmt" count="1"/>
      <line num="73" type="stmt" count="1"/>
      <line num="78" type="stmt" count="5"/>
      <line num="84" type="method" name="createFromGlobals" visibility="public" complexity="3" crap="3" count="12"/>
      <line num="86" type="stmt" count="12"/>
      <line num="87" type="stmt" count="12"/>
      <line num="88" type="stmt" count="12"/>
      <line num="89" type="stmt" count="12"/>
      <line num="90" type="stmt" count="12"/>
      <line num="97" type="method" name="createAsEmpty" visibility="public" complexity="1" crap="1" count="54"/>
      <line num="99" type="stmt" count="54"/>
      <line num="105" type="method" name="getServiceName" visibility="public" complexity="1" crap="1" count="7"/>
      <line num="107" type="stmt" count="7"/>
      <line num="113" type="method" name="getIpv4" visibility="public" complexity="1" crap="1" count="6"/>
      <line num="115" type="stmt" count="6"/>
      <line num="121" type="method" name="getIpv6" visibility="public" complexity="1" crap="1" count="6"/>
      <line num="123" type="stmt" count="6"/>
      <line num="129" type="method" name="getPort" visibility="public" complexity="1" crap="1" count="6"/>
      <line num="131" type="stmt" count="6"/>
      <line num="138" type="method" name="withServiceName" visibility="public" complexity="1" crap="2" count="0"/>
      <line num="140" type="stmt" count="0"/>
      <line num="146" type="method" name="toArray" visibility="public" complexity="4" crap="4.03" count="3"/>
      <line num="149" type="stmt" count="3"/>
      <line num="152" type="stmt" count="3"/>
      <line num="153" type="stmt" count="1"/>
      <line num="156" type="stmt" count="3"/>
      <line num="157" type="stmt" count="1"/>
      <line num="160" type="stmt" count="3"/>
      <line num="161" type="stmt" count="0"/>
      <line num="164" type="stmt" count="3"/>
      <metrics loc="166" ncloc="118" classes="1" methods="10" coveredmethods="8" conditionals="0" coveredconditionals="0" statements="35" coveredstatements="33" elements="45" coveredelements="41"/>
    </file>
    <file name="/Users/matt.rink/Code/FutureMatt/zipkin-php/src/Zipkin/ErrorParser.php">
      <metrics loc="16" ncloc="11" classes="0" methods="0" coveredmethods="0" conditionals="0" coveredconditionals="0" statements="0" coveredstatements="0" elements="0" coveredelements="0"/>
    </file>
    <file name="/Users/matt.rink/Code/FutureMatt/zipkin-php/src/Zipkin/Instrumentation/Http/Client/DefaultHttpClientParser.php">
      <class name="Zipkin\Instrumentation\Http\Client\DefaultHttpClientParser" namespace="global">
        <metrics complexity="7" methods="3" coveredmethods="3" conditionals="0" coveredconditionals="0" statements="11" coveredstatements="11" elements="14" coveredelements="14"/>
      </class>
      <line num="25" type="method" name="spanName" visibility="protected" complexity="1" crap="1" count="3"/>
      <line num="27" type="stmt" count="3"/>
      <line num="33" type="method" name="request" visibility="public" complexity="2" crap="2" count="3"/>
      <line num="35" type="stmt" count="3"/>
      <line num="36" type="stmt" count="3"/>
      <line num="37" type="stmt" count="3"/>
      <line num="38" type="stmt" count="3"/>
      <line num="43" type="method" name="response" visibility="public" complexity="4" crap="4" count="2"/>
      <line num="45" type="stmt" count="2"/>
      <line num="46" type="stmt" count="2"/>
      <line num="47" type="stmt" count="1"/>
      <line num="50" type="stmt" count="2"/>
      <line num="51" type="stmt" count="1"/>
      <line num="53" type="stmt" count="2"/>
      <metrics loc="54" ncloc="39" classes="1" methods="3" coveredmethods="3" conditionals="0" coveredconditionals="0" statements="11" coveredstatements="11" elements="14" coveredelements="14"/>
    </file>
    <file name="/Users/matt.rink/Code/FutureMatt/zipkin-php/src/Zipkin/Instrumentation/Http/Client/HttpClientParser.php">
      <metrics loc="37" ncloc="18" classes="0" methods="0" coveredmethods="0" conditionals="0" coveredconditionals="0" statements="0" coveredstatements="0" elements="0" coveredelements="0"/>
    </file>
    <file name="/Users/matt.rink/Code/FutureMatt/zipkin-php/src/Zipkin/Instrumentation/Http/Client/HttpClientTracing.php">
      <class name="Zipkin\Instrumentation\Http\Client\HttpClientTracing" namespace="global">
        <metrics complexity="4" methods="4" coveredmethods="4" conditionals="0" coveredconditionals="0" statements="7" coveredstatements="7" elements="11" coveredelements="11"/>
      </class>
      <line num="34" type="method" name="__construct" visibility="public" complexity="1" crap="1" count="3"/>
      <line num="39" type="stmt" count="3"/>
      <line num="40" type="stmt" count="3"/>
      <line num="41" type="stmt" count="3"/>
      <line num="42" type="stmt" count="3"/>
      <line num="44" type="method" name="getTracing" visibility="public" complexity="1" crap="1" count="3"/>
      <line num="46" type="stmt" count="3"/>
      <line num="52" type="method" name="getRequestSampler" visibility="public" complexity="1" crap="1" count="3"/>
      <line num="54" type="stmt" count="3"/>
      <line num="57" type="method" name="getParser" visibility="public" complexity="1" crap="1" count="3"/>
      <line num="59" type="stmt" count="3"/>
      <metrics loc="61" ncloc="42" classes="1" methods="4" coveredmethods="4" conditionals="0" coveredconditionals="0" statements="7" coveredstatements="7" elements="11" coveredelements="11"/>
    </file>
    <file name="/Users/matt.rink/Code/FutureMatt/zipkin-php/src/Zipkin/Instrumentation/Http/Client/Psr18/Client.php">
      <class name="Zipkin\Instrumentation\Http\Client\Psr18\Client" namespace="global">
        <metrics complexity="5" methods="2" coveredmethods="1" conditionals="0" coveredconditionals="0" statements="27" coveredstatements="22" elements="29" coveredelements="23"/>
      </class>
      <line num="46" type="method" name="__construct" visibility="public" complexity="1" crap="1" count="3"/>
      <line num="48" type="stmt" count="3"/>
      <line num="49" type="stmt" count="3"/>
      <line num="50" type="stmt" count="3"/>
      <line num="51" type="stmt" count="3"/>
      <line num="52" type="stmt" count="3"/>
      <line num="53" type="stmt" count="3"/>
      <line num="55" type="method" name="sendRequest" visibility="public" complexity="4" crap="4.22" count="3"/>
      <line num="57" type="stmt" count="3"/>
      <line num="58" type="stmt" count="3"/>
      <line num="59" type="stmt" count="3"/>
      <line num="61" type="stmt" count="0"/>
      <line num="62" type="stmt" count="0"/>
      <line num="63" type="stmt" count="0"/>
      <line num="67" type="stmt" count="3"/>
      <line num="69" type="stmt" count="3"/>
      <line num="71" type="stmt" count="0"/>
      <line num="73" type="stmt" count="0"/>
      <line num="77" type="stmt" count="3"/>
      <line num="80" type="stmt" count="3"/>
      <line num="81" type="stmt" count="3"/>
      <line num="84" type="stmt" count="3"/>
      <line num="85" type="stmt" count="3"/>
      <line num="86" type="stmt" count="2"/>
      <line num="87" type="stmt" count="2"/>
      <line num="88" type="stmt" count="1"/>
      <line num="89" type="stmt" count="1"/>
      <line num="90" type="stmt" count="1"/>
      <line num="92" type="stmt" count="3"/>
      <metrics loc="95" ncloc="78" classes="1" methods="2" coveredmethods="1" conditionals="0" coveredconditionals="0" statements="27" coveredstatements="22" elements="29" coveredelements="23"/>
    </file>
    <file name="/Users/matt.rink/Code/FutureMatt/zipkin-php/src/Zipkin/Instrumentation/Http/Client/Psr18/Propagation/RequestHeaders.php">
      <class name="Zipkin\Instrumentation\Http\Client\Psr18\Propagation\RequestHeaders" namespace="global">
        <metrics complexity="1" methods="1" coveredmethods="1" conditionals="0" coveredconditionals="0" statements="1" coveredstatements="1" elements="2" coveredelements="2"/>
      </class>
      <line num="13" type="method" name="getKind" visibility="public" complexity="1" crap="1" count="3"/>
      <line num="15" type="stmt" count="3"/>
      <metrics loc="17" ncloc="17" classes="1" methods="1" coveredmethods="1" conditionals="0" coveredconditionals="0" statements="1" coveredstatements="1" elements="2" coveredelements="2"/>
    </file>
    <file name="/Users/matt.rink/Code/FutureMatt/zipkin-php/src/Zipkin/Instrumentation/Http/Client/Psr18/Request.php">
      <class name="Zipkin\Instrumentation\Http\Client\Psr18\Request" namespace="global">
        <metrics complexity="8" methods="6" coveredmethods="5" conditionals="0" coveredconditionals="0" statements="7" coveredstatements="6" elements="13" coveredelements="11"/>
      </class>
      <line num="17" type="method" name="__construct" visibility="public" complexity="1" crap="1" count="7"/>
      <line num="19" type="stmt" count="7"/>
      <line num="20" type="stmt" count="7"/>
      <line num="25" type="method" name="getMethod" visibility="public" complexity="1" crap="1" count="4"/>
      <line num="27" type="stmt" count="4"/>
      <line num="33" type="method" name="getPath" visibility="public" complexity="2" crap="2" count="7"/>
      <line num="35" type="stmt" count="7"/>
      <line num="41" type="method" name="getUrl" visibility="public" complexity="1" crap="2" count="0"/>
      <line num="43" type="stmt" count="0"/>
      <line num="49" type="method" name="getHeader" visibility="public" complexity="2" crap="2" count="1"/>
      <line num="51" type="stmt" count="1"/>
      <line num="57" type="method" name="unwrap" visibility="public" complexity="1" crap="1" count="1"/>
      <line num="59" type="stmt" count="1"/>
      <metrics loc="61" ncloc="43" classes="1" methods="6" coveredmethods="5" conditionals="0" coveredconditionals="0" statements="7" coveredstatements="6" elements="13" coveredelements="11"/>
    </file>
    <file name="/Users/matt.rink/Code/FutureMatt/zipkin-php/src/Zipkin/Instrumentation/Http/Client/Psr18/Response.php">
      <class name="Zipkin\Instrumentation\Http\Client\Psr18\Response" namespace="global">
        <metrics complexity="4" methods="4" coveredmethods="4" conditionals="0" coveredconditionals="0" statements="6" coveredstatements="6" elements="10" coveredelements="10"/>
      </class>
      <line num="23" type="method" name="__construct" visibility="public" complexity="1" crap="1" count="4"/>
      <line num="27" type="stmt" count="4"/>
      <line num="28" type="stmt" count="4"/>
      <line num="29" type="stmt" count="4"/>
      <line num="34" type="method" name="getRequest" visibility="public" complexity="1" crap="1" count="2"/>
      <line num="36" type="stmt" count="2"/>
      <line num="42" type="method" name="getStatusCode" visibility="public" complexity="1" crap="1" count="4"/>
      <line num="44" type="stmt" count="4"/>
      <line num="50" type="method" name="unwrap" visibility="public" complexity="1" crap="1" count="2"/>
      <line num="52" type="stmt" count="2"/>
      <metrics loc="54" ncloc="39" classes="1" methods="4" coveredmethods="4" conditionals="0" coveredconditionals="0" statements="6" coveredstatements="6" elements="10" coveredelements="10"/>
    </file>
    <file name="/Users/matt.rink/Code/FutureMatt/zipkin-php/src/Zipkin/Instrumentation/Http/Client/Response.php">
      <class name="Zipkin\Instrumentation\Http\Client\Response" namespace="global">
        <metrics complexity="1" methods="1" coveredmethods="0" conditionals="0" coveredconditionals="0" statements="1" coveredstatements="0" elements="2" coveredelements="0"/>
      </class>
      <line num="14" type="method" name="getRequest" visibility="public" complexity="1" crap="2" count="0"/>
      <line num="16" type="stmt" count="0"/>
      <metrics loc="18" ncloc="15" classes="1" methods="1" coveredmethods="0" conditionals="0" coveredconditionals="0" statements="1" coveredstatements="0" elements="2" coveredelements="0"/>
    </file>
    <file name="/Users/matt.rink/Code/FutureMatt/zipkin-php/src/Zipkin/Instrumentation/Http/Response.php">
      <class name="Zipkin\Instrumentation\Http\Response" namespace="global">
        <metrics complexity="0" methods="0" coveredmethods="0" conditionals="0" coveredconditionals="0" statements="0" coveredstatements="0" elements="0" coveredelements="0"/>
      </class>
      <metrics loc="33" ncloc="14" classes="0" methods="0" coveredmethods="0" conditionals="0" coveredconditionals="0" statements="0" coveredstatements="0" elements="0" coveredelements="0"/>
    </file>
    <file name="/Users/matt.rink/Code/FutureMatt/zipkin-php/src/Zipkin/Instrumentation/Http/Server/DefaultHttpServerParser.php">
      <class name="Zipkin\Instrumentation\Http\Server\DefaultHttpServerParser" namespace="global">
        <metrics complexity="12" methods="4" coveredmethods="2" conditionals="0" coveredconditionals="0" statements="18" coveredstatements="16" elements="22" coveredelements="18"/>
      </class>
      <line num="24" type="method" name="spanNameFromRequest" visibility="protected" complexity="2" crap="2" count="2"/>
      <line num="26" type="stmt" count="2"/>
      <line num="27" type="stmt" count="2"/>
      <line num="33" type="method" name="request" visibility="public" complexity="2" crap="2" count="2"/>
      <line num="35" type="stmt" count="2"/>
      <line num="36" type="stmt" count="2"/>
      <line num="37" type="stmt" count="2"/>
      <line num="38" type="stmt" count="2"/>
      <line num="44" type="method" name="spanNameFromResponse" visibility="protected" complexity="3" crap="3.33" count="2"/>
      <line num="46" type="stmt" count="2"/>
      <line num="47" type="stmt" count="2"/>
      <line num="50" type="stmt" count="0"/>
      <line num="57" type="method" name="response" visibility="public" complexity="5" crap="5.03" count="2"/>
      <line num="59" type="stmt" count="2"/>
      <line num="60" type="stmt" count="2"/>
      <line num="61" type="stmt" count="0"/>
      <line num="64" type="stmt" count="2"/>
      <line num="65" type="stmt" count="2"/>
      <line num="66" type="stmt" count="1"/>
      <line num="69" type="stmt" count="2"/>
      <line num="70" type="stmt" count="1"/>
      <line num="72" type="stmt" count="2"/>
      <metrics loc="73" ncloc="53" classes="1" methods="4" coveredmethods="2" conditionals="0" coveredconditionals="0" statements="18" coveredstatements="16" elements="22" coveredelements="18"/>
    </file>
    <file name="/Users/matt.rink/Code/FutureMatt/zipkin-php/src/Zipkin/Instrumentation/Http/Server/HttpServerParser.php">
      <metrics loc="35" ncloc="16" classes="0" methods="0" coveredmethods="0" conditionals="0" coveredconditionals="0" statements="0" coveredstatements="0" elements="0" coveredelements="0"/>
    </file>
    <file name="/Users/matt.rink/Code/FutureMatt/zipkin-php/src/Zipkin/Instrumentation/Http/Server/HttpServerTracing.php">
      <class name="Zipkin\Instrumentation\Http\Server\HttpServerTracing" namespace="global">
        <metrics complexity="4" methods="4" coveredmethods="4" conditionals="0" coveredconditionals="0" statements="7" coveredstatements="7" elements="11" coveredelements="11"/>
      </class>
      <line num="33" type="method" name="__construct" visibility="public" complexity="1" crap="1" count="6"/>
      <line num="38" type="stmt" count="6"/>
      <line num="39" type="stmt" count="6"/>
      <line num="40" type="stmt" count="6"/>
      <line num="41" type="stmt" count="6"/>
      <line num="43" type="method" name="getTracing" visibility="public" complexity="1" crap="1" count="6"/>
      <line num="45" type="stmt" count="6"/>
      <line num="51" type="method" name="getRequestSampler" visibility="public" complexity="1" crap="1" count="6"/>
      <line num="53" type="stmt" count="6"/>
      <line num="56" type="method" name="getParser" visibility="public" complexity="1" crap="1" count="6"/>
      <line num="58" type="stmt" count="6"/>
      <metrics loc="60" ncloc="41" classes="1" methods="4" coveredmethods="4" conditionals="0" coveredconditionals="0" statements="7" coveredstatements="7" elements="11" coveredelements="11"/>
    </file>
    <file name="/Users/matt.rink/Code/FutureMatt/zipkin-php/src/Zipkin/Instrumentation/Http/Server/Psr15/Middleware.php">
      <class name="Zipkin\Instrumentation\Http\Server\Psr15\Middleware" namespace="global">
        <metrics complexity="7" methods="3" coveredmethods="2" conditionals="0" coveredconditionals="0" statements="32" coveredstatements="26" elements="35" coveredelements="28"/>
      </class>
      <line num="46" type="method" name="__construct" visibility="public" complexity="1" crap="1" count="6"/>
      <line num="48" type="stmt" count="6"/>
      <line num="49" type="stmt" count="6"/>
      <line num="50" type="stmt" count="6"/>
      <line num="51" type="stmt" count="6"/>
      <line num="52" type="stmt" count="6"/>
      <line num="54" type="method" name="process" visibility="public" complexity="3" crap="3.28" count="2"/>
      <line num="56" type="stmt" count="2"/>
      <line num="58" type="stmt" count="2"/>
      <line num="59" type="stmt" count="2"/>
      <line num="61" type="stmt" count="2"/>
      <line num="63" type="stmt" count="0"/>
      <line num="65" type="stmt" count="0"/>
      <line num="66" type="stmt" count="0"/>
      <line num="70" type="stmt" count="2"/>
      <line num="72" type="stmt" count="2"/>
      <line num="73" type="stmt" count="2"/>
      <line num="74" type="stmt" count="2"/>
      <line num="77" type="stmt" count="2"/>
      <line num="78" type="stmt" count="2"/>
      <line num="79" type="stmt" count="2"/>
      <line num="80" type="stmt" count="0"/>
      <line num="81" type="stmt" count="0"/>
      <line num="82" type="stmt" count="0"/>
      <line num="84" type="stmt" count="2"/>
      <line num="85" type="stmt" count="2"/>
      <line num="89" type="method" name="nextSpan" visibility="private" complexity="3" crap="3" count="6"/>
      <line num="91" type="stmt" count="6"/>
      <line num="92" type="stmt" count="1"/>
      <line num="95" type="stmt" count="5"/>
      <line num="96" type="stmt" count="5"/>
      <line num="97" type="stmt" count="2"/>
      <line num="100" type="stmt" count="3"/>
      <line num="101" type="stmt" count="3"/>
      <line num="102" type="stmt" count="3"/>
      <metrics loc="106" ncloc="94" classes="1" methods="3" coveredmethods="2" conditionals="0" coveredconditionals="0" statements="32" coveredstatements="26" elements="35" coveredelements="28"/>
    </file>
    <file name="/Users/matt.rink/Code/FutureMatt/zipkin-php/src/Zipkin/Instrumentation/Http/Server/Psr15/Propagation/RequestHeaders.php">
      <class name="Zipkin\Instrumentation\Http\Server\Psr15\Propagation\RequestHeaders" namespace="global">
        <metrics complexity="1" methods="1" coveredmethods="0" conditionals="0" coveredconditionals="0" statements="1" coveredstatements="0" elements="2" coveredelements="0"/>
      </class>
      <line num="13" type="method" name="getKind" visibility="public" complexity="1" crap="2" count="0"/>
      <line num="15" type="stmt" count="0"/>
      <metrics loc="17" ncloc="17" classes="1" methods="1" coveredmethods="0" conditionals="0" coveredconditionals="0" statements="1" coveredstatements="0" elements="2" coveredelements="0"/>
    </file>
    <file name="/Users/matt.rink/Code/FutureMatt/zipkin-php/src/Zipkin/Instrumentation/Http/Server/Psr15/Request.php">
      <class name="Zipkin\Instrumentation\Http\Server\Psr15\Request" namespace="global">
        <metrics complexity="8" methods="6" coveredmethods="5" conditionals="0" coveredconditionals="0" statements="7" coveredstatements="6" elements="13" coveredelements="11"/>
      </class>
      <line num="17" type="method" name="__construct" visibility="public" complexity="1" crap="1" count="6"/>
      <line num="19" type="stmt" count="6"/>
      <line num="20" type="stmt" count="6"/>
      <line num="25" type="method" name="getMethod" visibility="public" complexity="1" crap="1" count="3"/>
      <line num="27" type="stmt" count="3"/>
      <line num="33" type="method" name="getPath" visibility="public" complexity="2" crap="2" count="6"/>
      <line num="35" type="stmt" count="6"/>
      <line num="41" type="method" name="getUrl" visibility="public" complexity="1" crap="2" count="0"/>
      <line num="43" type="stmt" count="0"/>
      <line num="49" type="method" name="getHeader" visibility="public" complexity="2" crap="2" count="1"/>
      <line num="51" type="stmt" count="1"/>
      <line num="57" type="method" name="unwrap" visibility="public" complexity="1" crap="1" count="1"/>
      <line num="59" type="stmt" count="1"/>
      <metrics loc="61" ncloc="43" classes="1" methods="6" coveredmethods="5" conditionals="0" coveredconditionals="0" statements="7" coveredstatements="6" elements="13" coveredelements="11"/>
    </file>
    <file name="/Users/matt.rink/Code/FutureMatt/zipkin-php/src/Zipkin/Instrumentation/Http/Server/Psr15/Response.php">
      <class name="Zipkin\Instrumentation\Http\Server\Psr15\Response" namespace="global">
        <metrics complexity="4" methods="4" coveredmethods="4" conditionals="0" coveredconditionals="0" statements="6" coveredstatements="6" elements="10" coveredelements="10"/>
      </class>
      <line num="23" type="method" name="__construct" visibility="public" complexity="1" crap="1" count="4"/>
      <line num="27" type="stmt" count="4"/>
      <line num="28" type="stmt" count="4"/>
      <line num="29" type="stmt" count="4"/>
      <line num="34" type="method" name="getRequest" visibility="public" complexity="1" crap="1" count="2"/>
      <line num="36" type="stmt" count="2"/>
      <line num="42" type="method" name="getStatusCode" visibility="public" complexity="1" crap="1" count="4"/>
      <line num="44" type="stmt" count="4"/>
      <line num="50" type="method" name="unwrap" visibility="public" complexity="1" crap="1" count="2"/>
      <line num="52" type="stmt" count="2"/>
      <metrics loc="54" ncloc="39" classes="1" methods="4" coveredmethods="4" conditionals="0" coveredconditionals="0" statements="6" coveredstatements="6" elements="10" coveredelements="10"/>
    </file>
    <file name="/Users/matt.rink/Code/FutureMatt/zipkin-php/src/Zipkin/Instrumentation/Http/Server/Request.php">
      <class name="Zipkin\Instrumentation\Http\Server\Request" namespace="global">
        <metrics complexity="1" methods="1" coveredmethods="1" conditionals="0" coveredconditionals="0" statements="1" coveredstatements="1" elements="2" coveredelements="2"/>
      </class>
      <line num="24" type="method" name="getRoute" visibility="public" complexity="1" crap="1" count="2"/>
      <line num="26" type="stmt" count="2"/>
      <metrics loc="28" ncloc="16" classes="1" methods="1" coveredmethods="1" conditionals="0" coveredconditionals="0" statements="1" coveredstatements="1" elements="2" coveredelements="2"/>
    </file>
    <file name="/Users/matt.rink/Code/FutureMatt/zipkin-php/src/Zipkin/Instrumentation/Http/Server/Response.php">
      <class name="Zipkin\Instrumentation\Http\Server\Response" namespace="global">
        <metrics complexity="2" methods="2" coveredmethods="1" conditionals="0" coveredconditionals="0" statements="2" coveredstatements="1" elements="4" coveredelements="2"/>
      </class>
      <line num="14" type="method" name="getRequest" visibility="public" complexity="1" crap="2" count="0"/>
      <line num="16" type="stmt" count="0"/>
      <line num="23" type="method" name="getRoute" visibility="public" complexity="1" crap="1" count="2"/>
      <line num="25" type="stmt" count="2"/>
      <metrics loc="27" ncloc="20" classes="1" methods="2" coveredmethods="1" conditionals="0" coveredconditionals="0" statements="2" coveredstatements="1" elements="4" coveredelements="2"/>
    </file>
    <file name="/Users/matt.rink/Code/FutureMatt/zipkin-php/src/Zipkin/NoopSpan.php">
      <class name="Zipkin\NoopSpan" namespace="global">
        <metrics complexity="13" methods="13" coveredmethods="6" conditionals="0" coveredconditionals="0" statements="14" coveredstatements="7" elements="27" coveredelements="13"/>
      </class>
      <line num="17" type="method" name="__construct" visibility="public" complexity="1" crap="1" count="10"/>
      <line num="19" type="stmt" count="10"/>
      <line num="20" type="stmt" count="10"/>
      <line num="29" type="method" name="isNoop" visibility="public" complexity="1" crap="1" count="1"/>
      <line num="31" type="stmt" count="1"/>
      <line num="37" type="method" name="getContext" visibility="public" complexity="1" crap="1" count="8"/>
      <line num="39" type="stmt" count="8"/>
      <line num="51" type="method" name="start" visibility="public" complexity="1" crap="1" count="1"/>
      <line num="53" type="stmt" count="1"/>
      <line num="61" type="method" name="setName" visibility="public" complexity="1" crap="1" count="1"/>
      <line num="63" type="stmt" count="1"/>
      <line num="73" type="method" name="setKind" visibility="public" complexity="1" crap="2" count="0"/>
      <line num="75" type="stmt" count="0"/>
      <line num="87" type="method" name="tag" visibility="public" complexity="1" crap="2" count="0"/>
      <line num="89" type="stmt" count="0"/>
      <line num="94" type="method" name="setError" visibility="public" complexity="1" crap="2" count="0"/>
      <line num="96" type="stmt" count="0"/>
      <line num="107" type="method" name="annotate" visibility="public" complexity="1" crap="2" count="0"/>
      <line num="109" type="stmt" count="0"/>
      <line num="119" type="method" name="setRemoteEndpoint" visibility="public" complexity="1" crap="2" count="0"/>
      <line num="121" type="stmt" count="0"/>
      <line num="128" type="method" name="abandon" visibility="public" complexity="1" crap="2" count="0"/>
      <line num="130" type="stmt" count="0"/>
      <line num="141" type="method" name="finish" visibility="public" complexity="1" crap="1" count="1"/>
      <line num="143" type="stmt" count="1"/>
      <line num="157" type="method" name="flush" visibility="public" complexity="1" crap="2" count="0"/>
      <line num="159" type="stmt" count="0"/>
      <metrics loc="160" ncloc="69" classes="1" methods="13" coveredmethods="6" conditionals="0" coveredconditionals="0" statements="14" coveredstatements="7" elements="27" coveredelements="13"/>
    </file>
    <file name="/Users/matt.rink/Code/FutureMatt/zipkin-php/src/Zipkin/NoopSpanCustomizer.php">
      <class name="Zipkin\NoopSpanCustomizer" namespace="global">
        <metrics complexity="3" methods="3" coveredmethods="0" conditionals="0" coveredconditionals="0" statements="3" coveredstatements="0" elements="6" coveredelements="0"/>
      </class>
      <line num="12" type="method" name="setName" visibility="public" complexity="1" crap="2" count="0"/>
      <line num="14" type="stmt" count="0"/>
      <line num="19" type="method" name="tag" visibility="public" complexity="1" crap="2" count="0"/>
      <line num="21" type="stmt" count="0"/>
      <line num="26" type="method" name="annotate" visibility="public" complexity="1" crap="2" count="0"/>
      <line num="28" type="stmt" count="0"/>
      <metrics loc="29" ncloc="20" classes="1" methods="3" coveredmethods="0" conditionals="0" coveredconditionals="0" statements="3" coveredstatements="0" elements="6" coveredelements="0"/>
    </file>
    <file name="/Users/matt.rink/Code/FutureMatt/zipkin-php/src/Zipkin/Propagation/B3.php">
      <class name="Zipkin\Propagation\B3" namespace="global">
        <metrics complexity="55" methods="11" coveredmethods="7" conditionals="0" coveredconditionals="0" statements="118" coveredstatements="101" elements="129" coveredelements="108"/>
      </class>
      <line num="149" type="method" name="__construct" visibility="public" complexity="10" crap="13.70" count="37"/>
      <line num="153" type="stmt" count="37"/>
      <line num="155" type="stmt" count="37"/>
      <line num="156" type="stmt" count="6"/>
      <line num="157" type="stmt" count="0"/>
      <line num="158" type="stmt" count="0"/>
      <line num="160" type="stmt" count="0"/>
      <line num="161" type="stmt" count="0"/>
      <line num="162" type="stmt" count="0"/>
      <line num="166" type="stmt" count="6"/>
      <line num="167" type="stmt" count="6"/>
      <line num="169" type="stmt" count="0"/>
      <line num="170" type="stmt" count="0"/>
      <line num="171" type="stmt" count="0"/>
      <line num="176" type="stmt" count="6"/>
      <line num="177" type="stmt" count="6"/>
      <line num="178" type="stmt" count="6"/>
      <line num="184" type="stmt" count="37"/>
      <line num="185" type="stmt" count="37"/>
      <line num="186" type="stmt" count="37"/>
      <line num="187" type="stmt" count="37"/>
      <line num="188" type="stmt" count="37"/>
      <line num="189" type="stmt" count="37"/>
      <line num="190" type="stmt" count="37"/>
      <line num="193" type="stmt" count="37"/>
      <line num="198" type="method" name="getKeys" visibility="public" complexity="1" crap="1" count="3"/>
      <line num="200" type="stmt" count="3"/>
      <line num="206" type="method" name="getInjector" visibility="public" complexity="4" crap="4.05" count="11"/>
      <line num="208" type="stmt" count="11"/>
      <line num="215" type="stmt" count="11"/>
      <line num="216" type="stmt" count="11"/>
      <line num="217" type="stmt" count="0"/>
      <line num="220" type="stmt" count="11"/>
      <line num="221" type="stmt" count="11"/>
      <line num="223" type="stmt" count="11"/>
      <line num="229" type="method" name="supportsJoin" visibility="public" complexity="1" crap="1" count="13"/>
      <line num="231" type="stmt" count="13"/>
      <line num="234" type="method" name="injectSingleValue" visibility="private" complexity="1" crap="1" count="6"/>
      <line num="236" type="stmt" count="6"/>
      <line num="237" type="stmt" count="6"/>
      <line num="239" type="method" name="injectSingleValueNoParent" visibility="private" complexity="1" crap="1" count="2"/>
      <line num="241" type="stmt" count="2"/>
      <line num="242" type="stmt" count="2"/>
      <line num="244" type="method" name="injectMultiValues" visibility="private" complexity="6" crap="6" count="8"/>
      <line num="246" type="stmt" count="8"/>
      <line num="247" type="stmt" count="8"/>
      <line num="248" type="stmt" count="8"/>
      <line num="250" type="stmt" count="8"/>
      <line num="251" type="stmt" count="5"/>
      <line num="255" type="stmt" count="8"/>
      <line num="256" type="stmt" count="1"/>
      <line num="257" type="stmt" count="7"/>
      <line num="260" type="stmt" count="7"/>
      <line num="262" type="stmt" count="8"/>
      <line num="264" type="method" name="buildSingleValue" visibility="private" complexity="8" crap="8.19" count="8"/>
      <line num="266" type="stmt" count="8"/>
      <line num="267" type="stmt" count="8"/>
      <line num="268" type="stmt" count="0"/>
      <line num="269" type="stmt" count="8"/>
      <line num="270" type="stmt" count="8"/>
      <line num="273" type="stmt" count="8"/>
      <line num="274" type="stmt" count="8"/>
      <line num="275" type="stmt" count="8"/>
      <line num="277" type="stmt" count="8"/>
      <line num="278" type="stmt" count="8"/>
      <line num="280" type="stmt" count="8"/>
      <line num="281" type="stmt" count="3"/>
      <line num="285" type="stmt" count="8"/>
      <line num="288" type="stmt" count="0"/>
      <line num="294" type="method" name="getExtractor" visibility="public" complexity="3" crap="3" count="18"/>
      <line num="300" type="stmt" count="18"/>
      <line num="302" type="stmt" count="14"/>
      <line num="303" type="stmt" count="4"/>
      <line num="306" type="stmt" count="10"/>
      <line num="307" type="stmt" count="1"/>
      <line num="308" type="stmt" count="1"/>
      <line num="309" type="stmt" count="1"/>
      <line num="310" type="stmt" count="1"/>
      <line num="313" type="stmt" count="1"/>
      <line num="315" type="stmt" count="18"/>
      <line num="318" type="method" name="parseSingleValue" visibility="public" complexity="11" crap="12.19" count="4"/>
      <line num="320" type="stmt" count="4"/>
      <line num="321" type="stmt" count="0"/>
      <line num="324" type="stmt" count="4"/>
      <line num="325" type="stmt" count="4"/>
      <line num="326" type="stmt" count="4"/>
      <line num="327" type="stmt" count="3"/>
      <line num="328" type="stmt" count="1"/>
      <line num="329" type="stmt" count="2"/>
      <line num="330" type="stmt" count="1"/>
      <line num="331" type="stmt" count="1"/>
      <line num="332" type="stmt" count="1"/>
      <line num="335" type="stmt" count="0"/>
      <line num="339" type="stmt" count="1"/>
      <line num="340" type="stmt" count="1"/>
      <line num="341" type="stmt" count="1"/>
      <line num="342" type="stmt" count="1"/>
      <line num="343" type="stmt" count="1"/>
      <line num="344" type="stmt" count="1"/>
      <line num="345" type="stmt" count="1"/>
      <line num="346" type="stmt" count="0"/>
      <line num="347" type="stmt" count="1"/>
      <line num="348" type="stmt" count="1"/>
      <line num="349" type="stmt" count="0"/>
      <line num="350" type="stmt" count="0"/>
      <line num="352" type="stmt" count="0"/>
      <line num="356" type="stmt" count="1"/>
      <line num="357" type="stmt" count="1"/>
      <line num="358" type="stmt" count="1"/>
      <line num="366" type="method" name="parseMultiValue" visibility="public" complexity="9" crap="9" count="10"/>
      <line num="368" type="stmt" count="10"/>
      <line num="369" type="stmt" count="10"/>
      <line num="371" type="stmt" count="10"/>
      <line num="372" type="stmt" count="10"/>
      <line num="373" type="stmt" count="1"/>
      <line num="375" type="stmt" count="9"/>
      <line num="376" type="stmt" count="9"/>
      <line num="377" type="stmt" count="3"/>
      <line num="378" type="stmt" count="2"/>
      <line num="379" type="stmt" count="1"/>
      <line num="380" type="stmt" count="1"/>
      <line num="385" type="stmt" count="10"/>
      <line num="386" type="stmt" count="10"/>
      <line num="387" type="stmt" count="6"/>
      <line num="390" type="stmt" count="4"/>
      <line num="392" type="stmt" count="4"/>
      <line num="393" type="stmt" count="1"/>
      <line num="396" type="stmt" count="3"/>
      <line num="398" type="stmt" count="3"/>
      <metrics loc="400" ncloc="313" classes="1" methods="11" coveredmethods="7" conditionals="0" coveredconditionals="0" statements="118" coveredstatements="101" elements="129" coveredelements="108"/>
    </file>
    <file name="/Users/matt.rink/Code/FutureMatt/zipkin-php/src/Zipkin/Propagation/CurrentTraceContext.php">
      <class name="Zipkin\Propagation\CurrentTraceContext" namespace="global">
        <metrics complexity="3" methods="3" coveredmethods="3" conditionals="0" coveredconditionals="0" statements="9" coveredstatements="9" elements="12" coveredelements="12"/>
      </class>
      <line num="26" type="method" name="__construct" visibility="public" complexity="1" crap="1" count="54"/>
      <line num="28" type="stmt" count="54"/>
      <line num="29" type="stmt" count="54"/>
      <line num="36" type="method" name="getContext" visibility="public" complexity="1" crap="1" count="37"/>
      <line num="38" type="stmt" count="37"/>
      <line num="48" type="method" name="createScopeAndRetrieveItsCloser" visibility="public" complexity="1" crap="1" count="8"/>
      <line num="50" type="stmt" count="8"/>
      <line num="51" type="stmt" count="8"/>
      <line num="52" type="stmt" count="8"/>
      <line num="54" type="stmt" count="8"/>
      <line num="55" type="stmt" count="4"/>
      <line num="56" type="stmt" count="8"/>
      <metrics loc="58" ncloc="32" classes="1" methods="3" coveredmethods="3" conditionals="0" coveredconditionals="0" statements="9" coveredstatements="9" elements="12" coveredelements="12"/>
    </file>
    <file name="/Users/matt.rink/Code/FutureMatt/zipkin-php/src/Zipkin/Propagation/DefaultSamplingFlags.php">
      <class name="Zipkin\Propagation\DefaultSamplingFlags" namespace="global">
        <metrics complexity="14" methods="11" coveredmethods="9" conditionals="0" coveredconditionals="0" statements="15" coveredstatements="11" elements="26" coveredelements="20"/>
      </class>
      <line num="19" type="method" name="__construct" visibility="private" complexity="2" crap="2" count="94"/>
      <line num="21" type="stmt" count="94"/>
      <line num="22" type="stmt" count="94"/>
      <line num="23" type="stmt" count="94"/>
      <line num="25" type="method" name="create" visibility="public" complexity="1" crap="1" count="31"/>
      <line num="27" type="stmt" count="31"/>
      <line num="30" type="method" name="createAsEmpty" visibility="public" complexity="1" crap="1" count="57"/>
      <line num="32" type="stmt" count="57"/>
      <line num="35" type="method" name="createAsSampled" visibility="public" complexity="1" crap="1" count="3"/>
      <line num="37" type="stmt" count="3"/>
      <line num="40" type="method" name="createAsNotSampled" visibility="public" complexity="1" crap="1" count="1"/>
      <line num="42" type="stmt" count="1"/>
      <line num="45" type="method" name="createAsDebug" visibility="public" complexity="1" crap="1" count="1"/>
      <line num="47" type="stmt" count="1"/>
      <line num="50" type="method" name="isSampled" visibility="public" complexity="1" crap="1" count="94"/>
      <line num="52" type="stmt" count="94"/>
      <line num="55" type="method" name="isDebug" visibility="public" complexity="1" crap="1" count="87"/>
      <line num="57" type="stmt" count="87"/>
      <line num="60" type="method" name="isEmpty" visibility="public" complexity="2" crap="6" count="0"/>
      <line num="62" type="stmt" count="0"/>
      <line num="63" type="stmt" count="0"/>
      <line num="66" type="method" name="isEqual" visibility="public" complexity="2" crap="6" count="0"/>
      <line num="68" type="stmt" count="0"/>
      <line num="69" type="stmt" count="0"/>
      <line num="75" type="method" name="withSampled" visibility="public" complexity="1" crap="1" count="2"/>
      <line num="77" type="stmt" count="2"/>
      <metrics loc="79" ncloc="70" classes="1" methods="11" coveredmethods="9" conditionals="0" coveredconditionals="0" statements="15" coveredstatements="11" elements="26" coveredelements="20"/>
    </file>
    <file name="/Users/matt.rink/Code/FutureMatt/zipkin-php/src/Zipkin/Propagation/Exceptions/InvalidPropagationCarrier.php">
      <class name="Zipkin\Propagation\Exceptions\InvalidPropagationCarrier" namespace="global">
        <metrics complexity="2" methods="1" coveredmethods="1" conditionals="0" coveredconditionals="0" statements="3" coveredstatements="3" elements="4" coveredelements="4"/>
      </class>
      <line num="14" type="method" name="forCarrier" visibility="public" complexity="2" crap="2" count="2"/>
      <line num="16" type="stmt" count="2"/>
      <line num="17" type="stmt" count="2"/>
      <line num="18" type="stmt" count="2"/>
      <metrics loc="21" ncloc="18" classes="1" methods="1" coveredmethods="1" conditionals="0" coveredconditionals="0" statements="3" coveredstatements="3" elements="4" coveredelements="4"/>
    </file>
    <file name="/Users/matt.rink/Code/FutureMatt/zipkin-php/src/Zipkin/Propagation/Exceptions/InvalidPropagationKey.php">
      <class name="Zipkin\Propagation\Exceptions\InvalidPropagationKey" namespace="global">
        <metrics complexity="1" methods="1" coveredmethods="1" conditionals="0" coveredconditionals="0" statements="1" coveredstatements="1" elements="2" coveredelements="2"/>
      </class>
      <line num="11" type="method" name="forEmptyKey" visibility="public" complexity="1" crap="1" count="1"/>
      <line num="13" type="stmt" count="1"/>
      <metrics loc="15" ncloc="15" classes="1" methods="1" coveredmethods="1" conditionals="0" coveredconditionals="0" statements="1" coveredstatements="1" elements="2" coveredelements="2"/>
    </file>
    <file name="/Users/matt.rink/Code/FutureMatt/zipkin-php/src/Zipkin/Propagation/Exceptions/InvalidTraceContextArgument.php">
      <class name="Zipkin\Propagation\Exceptions\InvalidTraceContextArgument" namespace="global">
        <metrics complexity="4" methods="4" coveredmethods="3" conditionals="0" coveredconditionals="0" statements="4" coveredstatements="3" elements="8" coveredelements="6"/>
      </class>
      <line num="11" type="method" name="forTraceId" visibility="public" complexity="1" crap="1" count="4"/>
      <line num="13" type="stmt" count="4"/>
      <line num="16" type="method" name="forSpanId" visibility="public" complexity="1" crap="1" count="3"/>
      <line num="18" type="stmt" count="3"/>
      <line num="21" type="method" name="forParentSpanId" visibility="public" complexity="1" crap="1" count="3"/>
      <line num="23" type="stmt" count="3"/>
      <line num="26" type="method" name="forSampling" visibility="public" complexity="1" crap="2" count="0"/>
      <line num="28" type="stmt" count="0"/>
      <metrics loc="30" ncloc="30" classes="1" methods="4" coveredmethods="3" conditionals="0" coveredconditionals="0" statements="4" coveredstatements="3" elements="8" coveredelements="6"/>
    </file>
    <file name="/Users/matt.rink/Code/FutureMatt/zipkin-php/src/Zipkin/Propagation/Id.php">
      <line num="13" type="stmt" count="5"/>
      <line num="15" type="stmt" count="5"/>
      <line num="16" type="stmt" count="0"/>
      <line num="19" type="stmt" count="5"/>
      <line num="27" type="stmt" count="83"/>
      <line num="29" type="stmt" count="83"/>
      <line num="30" type="stmt" count="0"/>
      <line num="33" type="stmt" count="83"/>
      <line num="42" type="stmt" count="46"/>
      <line num="43" type="stmt" count="46"/>
      <line num="52" type="stmt" count="41"/>
      <line num="53" type="stmt" count="41"/>
      <metrics loc="54" ncloc="39" classes="0" methods="0" coveredmethods="0" conditionals="0" coveredconditionals="0" statements="12" coveredstatements="10" elements="12" coveredelements="10"/>
    </file>
    <file name="/Users/matt.rink/Code/FutureMatt/zipkin-php/src/Zipkin/Propagation/Map.php">
      <class name="Zipkin\Propagation\Map" namespace="global">
        <metrics complexity="11" methods="2" coveredmethods="2" conditionals="0" coveredconditionals="0" statements="18" coveredstatements="18" elements="20" coveredelements="20"/>
      </class>
      <line num="24" type="method" name="get" visibility="public" complexity="7" crap="7" count="19"/>
      <line num="26" type="stmt" count="19"/>
      <line num="28" type="stmt" count="19"/>
      <line num="29" type="stmt" count="3"/>
      <line num="32" type="stmt" count="16"/>
      <line num="33" type="stmt" count="15"/>
      <line num="34" type="stmt" count="1"/>
      <line num="40" type="stmt" count="14"/>
      <line num="41" type="stmt" count="14"/>
      <line num="42" type="stmt" count="14"/>
      <line num="46" type="stmt" count="5"/>
      <line num="49" type="stmt" count="1"/>
      <line num="56" type="method" name="put" visibility="public" complexity="4" crap="4" count="11"/>
      <line num="58" type="stmt" count="11"/>
      <line num="59" type="stmt" count="1"/>
      <line num="64" type="stmt" count="10"/>
      <line num="66" type="stmt" count="10"/>
      <line num="67" type="stmt" count="9"/>
      <line num="68" type="stmt" count="9"/>
      <line num="71" type="stmt" count="1"/>
      <metrics loc="73" ncloc="58" classes="1" methods="2" coveredmethods="2" conditionals="0" coveredconditionals="0" statements="18" coveredstatements="18" elements="20" coveredelements="20"/>
    </file>
    <file name="/Users/matt.rink/Code/FutureMatt/zipkin-php/src/Zipkin/Propagation/RequestHeaders.php">
      <class name="Zipkin\Propagation\RequestHeaders" namespace="global">
        <metrics complexity="3" methods="2" coveredmethods="2" conditionals="0" coveredconditionals="0" statements="3" coveredstatements="3" elements="5" coveredelements="5"/>
      </class>
      <line num="16" type="method" name="get" visibility="public" complexity="2" crap="2" count="6"/>
      <line num="20" type="stmt" count="6"/>
      <line num="29" type="method" name="put" visibility="public" complexity="1" crap="1" count="5"/>
      <line num="31" type="stmt" count="5"/>
      <line num="32" type="stmt" count="5"/>
      <metrics loc="33" ncloc="22" classes="1" methods="2" coveredmethods="2" conditionals="0" coveredconditionals="0" statements="3" coveredstatements="3" elements="5" coveredelements="5"/>
    </file>
    <file name="/Users/matt.rink/Code/FutureMatt/zipkin-php/src/Zipkin/Propagation/ServerHeaders.php">
      <class name="Zipkin\Propagation\ServerHeaders" namespace="global">
        <metrics complexity="1" methods="1" coveredmethods="1" conditionals="0" coveredconditionals="0" statements="3" coveredstatements="3" elements="4" coveredelements="4"/>
      </class>
      <line num="27" type="method" name="get" visibility="public" complexity="1" crap="1" count="2"/>
      <line num="30" type="stmt" count="2"/>
      <line num="31" type="stmt" count="2"/>
      <line num="33" type="stmt" count="2"/>
      <metrics loc="35" ncloc="17" classes="1" methods="1" coveredmethods="1" conditionals="0" coveredconditionals="0" statements="3" coveredstatements="3" elements="4" coveredelements="4"/>
    </file>
    <file name="/Users/matt.rink/Code/FutureMatt/zipkin-php/src/Zipkin/Propagation/TraceContext.php">
      <class name="Zipkin\Propagation\TraceContext" namespace="global">
        <metrics complexity="25" methods="15" coveredmethods="15" conditionals="0" coveredconditionals="0" statements="61" coveredstatements="61" elements="76" coveredelements="76"/>
      </class>
      <line num="49" type="method" name="__construct" visibility="private" complexity="2" crap="2" count="107"/>
      <line num="58" type="stmt" count="107"/>
      <line num="59" type="stmt" count="107"/>
      <line num="60" type="stmt" count="107"/>
      <line num="61" type="stmt" count="107"/>
      <line num="62" type="stmt" count="107"/>
      <line num="63" type="stmt" count="107"/>
      <line num="64" type="stmt" count="107"/>
      <line num="65" type="stmt" count="107"/>
      <line num="76" type="method" name="create" visibility="public" complexity="5" crap="5" count="39"/>
      <line num="84" type="stmt" count="39"/>
      <line num="85" type="stmt" count="4"/>
      <line num="88" type="stmt" count="35"/>
      <line num="89" type="stmt" count="3"/>
      <line num="92" type="stmt" count="32"/>
      <line num="93" type="stmt" count="3"/>
      <line num="96" type="stmt" count="29"/>
      <line num="104" type="method" name="createAsRoot" visibility="public" complexity="3" crap="3" count="78"/>
      <line num="106" type="stmt" count="78"/>
      <line num="107" type="stmt" count="22"/>
      <line num="110" type="stmt" count="78"/>
      <line num="112" type="stmt" count="78"/>
      <line num="113" type="stmt" count="78"/>
      <line num="114" type="stmt" count="4"/>
      <line num="117" type="stmt" count="78"/>
      <line num="118" type="stmt" count="78"/>
      <line num="120" type="stmt" count="78"/>
      <line num="121" type="stmt" count="78"/>
      <line num="122" type="stmt" count="78"/>
      <line num="123" type="stmt" count="78"/>
      <line num="132" type="method" name="createFromParent" visibility="public" complexity="1" crap="1" count="8"/>
      <line num="134" type="stmt" count="8"/>
      <line num="136" type="stmt" count="8"/>
      <line num="137" type="stmt" count="8"/>
      <line num="139" type="stmt" count="8"/>
      <line num="140" type="stmt" count="8"/>
      <line num="141" type="stmt" count="8"/>
      <line num="142" type="stmt" count="8"/>
      <line num="143" type="stmt" count="8"/>
      <line num="150" type="method" name="isSampled" visibility="public" complexity="1" crap="1" count="80"/>
      <line num="152" type="stmt" count="80"/>
      <line num="158" type="method" name="isDebug" visibility="public" complexity="1" crap="1" count="69"/>
      <line num="160" type="stmt" count="69"/>
      <line num="166" type="method" name="usesTraceId128bits" visibility="public" complexity="1" crap="1" count="5"/>
      <line num="168" type="stmt" count="5"/>
      <line num="176" type="method" name="getTraceId" visibility="public" complexity="1" crap="1" count="74"/>
      <line num="178" type="stmt" count="74"/>
      <line num="188" type="method" name="getSpanId" visibility="public" complexity="1" crap="1" count="67"/>
      <line num="190" type="stmt" count="67"/>
      <line num="198" type="method" name="getParentId" visibility="public" complexity="1" crap="1" count="66"/>
      <line num="200" type="stmt" count="66"/>
      <line num="203" type="method" name="isShared" visibility="public" complexity="1" crap="1" count="40"/>
      <line num="205" type="stmt" count="40"/>
      <line num="211" type="method" name="withSampled" visibility="public" complexity="1" crap="1" count="31"/>
      <line num="213" type="stmt" count="31"/>
      <line num="214" type="stmt" count="31"/>
      <line num="215" type="stmt" count="31"/>
      <line num="216" type="stmt" count="31"/>
      <line num="218" type="stmt" count="31"/>
      <line num="219" type="stmt" count="31"/>
      <line num="220" type="stmt" count="31"/>
      <line num="232" type="method" name="withShared" visibility="public" complexity="1" crap="1" count="3"/>
      <line num="234" type="stmt" count="3"/>
      <line num="235" type="stmt" count="3"/>
      <line num="236" type="stmt" count="3"/>
      <line num="237" type="stmt" count="3"/>
      <line num="238" type="stmt" count="3"/>
      <line num="239" type="stmt" count="3"/>
      <line num="241" type="stmt" count="3"/>
      <line num="245" type="method" name="isEmpty" visibility="public" complexity="1" crap="1" count="11"/>
      <line num="247" type="stmt" count="11"/>
      <line num="250" type="method" name="isEqual" visibility="public" complexity="4" crap="4" count="7"/>
      <line num="252" type="stmt" count="7"/>
      <line num="253" type="stmt" count="7"/>
      <line num="254" type="stmt" count="7"/>
      <line num="255" type="stmt" count="7"/>
      <metrics loc="257" ncloc="181" classes="1" methods="15" coveredmethods="15" conditionals="0" coveredconditionals="0" statements="61" coveredstatements="61" elements="76" coveredelements="76"/>
    </file>
    <file name="/Users/matt.rink/Code/FutureMatt/zipkin-php/src/Zipkin/RealSpan.php">
      <class name="Zipkin\RealSpan" namespace="global">
        <metrics complexity="21" methods="13" coveredmethods="10" conditionals="0" coveredconditionals="0" statements="33" coveredstatements="28" elements="46" coveredelements="38"/>
      </class>
      <line num="25" type="method" name="__construct" visibility="public" complexity="1" crap="1" count="44"/>
      <line num="27" type="stmt" count="44"/>
      <line num="28" type="stmt" count="44"/>
      <line num="29" type="stmt" count="44"/>
      <line num="38" type="method" name="isNoop" visibility="public" complexity="1" crap="1" count="21"/>
      <line num="40" type="stmt" count="21"/>
      <line num="46" type="method" name="getContext" visibility="public" complexity="1" crap="1" count="25"/>
      <line num="48" type="stmt" count="25"/>
      <line num="61" type="method" name="start" visibility="public" complexity="4" crap="4" count="23"/>
      <line num="63" type="stmt" count="23"/>
      <line num="64" type="stmt" count="1"/>
      <line num="65" type="stmt" count="1"/>
      <line num="69" type="stmt" count="22"/>
      <line num="70" type="stmt" count="22"/>
      <line num="78" type="method" name="setName" visibility="public" complexity="1" crap="1" count="22"/>
      <line num="80" type="stmt" count="22"/>
      <line num="81" type="stmt" count="22"/>
      <line num="91" type="method" name="setKind" visibility="public" complexity="1" crap="1" count="6"/>
      <line num="93" type="stmt" count="6"/>
      <line num="94" type="stmt" count="6"/>
      <line num="104" type="method" name="tag" visibility="public" complexity="1" crap="1" count="12"/>
      <line num="106" type="stmt" count="12"/>
      <line num="107" type="stmt" count="12"/>
      <line num="112" type="method" name="setError" visibility="public" complexity="1" crap="1" count="2"/>
      <line num="114" type="stmt" count="2"/>
      <line num="115" type="stmt" count="2"/>
      <line num="126" type="method" name="annotate" visibility="public" complexity="4" crap="4" count="2"/>
      <line num="128" type="stmt" count="2"/>
      <line num="129" type="stmt" count="1"/>
      <line num="130" type="stmt" count="1"/>
      <line num="134" type="stmt" count="1"/>
      <line num="135" type="stmt" count="1"/>
      <line num="145" type="method" name="setRemoteEndpoint" visibility="public" complexity="1" crap="1" count="1"/>
      <line num="147" type="stmt" count="1"/>
      <line num="148" type="stmt" count="1"/>
      <line num="155" type="method" name="abandon" visibility="public" complexity="1" crap="2" count="0"/>
      <line num="157" type="stmt" count="0"/>
      <line num="158" type="stmt" count="0"/>
      <line num="170" type="method" name="finish" visibility="public" complexity="3" crap="3.14" count="23"/>
      <line num="172" type="stmt" count="23"/>
      <line num="173" type="stmt" count="0"/>
      <line num="176" type="stmt" count="23"/>
      <line num="177" type="stmt" count="23"/>
      <line num="191" type="method" name="flush" visibility="public" complexity="1" crap="2" count="0"/>
      <line num="193" type="stmt" count="0"/>
      <line num="194" type="stmt" count="0"/>
      <metrics loc="195" ncloc="100" classes="1" methods="13" coveredmethods="10" conditionals="0" coveredconditionals="0" statements="33" coveredstatements="28" elements="46" coveredelements="38"/>
    </file>
    <file name="/Users/matt.rink/Code/FutureMatt/zipkin-php/src/Zipkin/Recorder.php">
      <class name="Zipkin\Recorder" namespace="global">
        <metrics complexity="25" methods="14" coveredmethods="5" conditionals="0" coveredconditionals="0" statements="56" coveredstatements="34" elements="70" coveredelements="39"/>
      </class>
      <line num="39" type="method" name="__construct" visibility="public" complexity="1" crap="1" count="53"/>
      <line num="44" type="stmt" count="53"/>
      <line num="45" type="stmt" count="53"/>
      <line num="46" type="stmt" count="53"/>
      <line num="47" type="stmt" count="53"/>
      <line num="48" type="stmt" count="53"/>
      <line num="50" type="method" name="createAsNoop" visibility="public" complexity="1" crap="2" count="0"/>
      <line num="52" type="stmt" count="0"/>
      <line num="59" type="method" name="getTimestamp" visibility="public" complexity="3" crap="3" count="2"/>
      <line num="61" type="stmt" count="2"/>
      <line num="63" type="stmt" count="2"/>
      <line num="64" type="stmt" count="1"/>
      <line num="67" type="stmt" count="1"/>
      <line num="75" type="method" name="start" visibility="public" complexity="1" crap="1" count="22"/>
      <line num="77" type="stmt" count="22"/>
      <line num="78" type="stmt" count="22"/>
      <line num="79" type="stmt" count="22"/>
      <line num="86" type="method" name="setName" visibility="public" complexity="2" crap="2.03" count="21"/>
      <line num="88" type="stmt" count="21"/>
      <line num="89" type="stmt" count="0"/>
      <line num="92" type="stmt" count="21"/>
      <line num="93" type="stmt" count="21"/>
      <line num="94" type="stmt" count="21"/>
      <line num="101" type="method" name="setKind" visibility="public" complexity="2" crap="2.03" count="5"/>
      <line num="103" type="stmt" count="5"/>
      <line num="104" type="stmt" count="0"/>
      <line num="107" type="stmt" count="5"/>
      <line num="108" type="stmt" count="5"/>
      <line num="109" type="stmt" count="5"/>
      <line num="118" type="method" name="annotate" visibility="public" complexity="2" crap="6" count="0"/>
      <line num="120" type="stmt" count="0"/>
      <line num="121" type="stmt" count="0"/>
      <line num="124" type="stmt" count="0"/>
      <line num="125" type="stmt" count="0"/>
      <line num="126" type="stmt" count="0"/>
      <line num="134" type="method" name="tag" visibility="public" complexity="2" crap="2.03" count="12"/>
      <line num="136" type="stmt" count="12"/>
      <line num="137" type="stmt" count="0"/>
      <line num="140" type="stmt" count="12"/>
      <line num="141" type="stmt" count="12"/>
      <line num="142" type="stmt" count="12"/>
      <line num="144" type="method" name="setError" visibility="public" complexity="2" crap="2.03" count="2"/>
      <line num="146" type="stmt" count="2"/>
      <line num="147" type="stmt" count="0"/>
      <line num="150" type="stmt" count="2"/>
      <line num="151" type="stmt" count="2"/>
      <line num="152" type="stmt" count="2"/>
      <line num="159" type="method" name="setRemoteEndpoint" visibility="public" complexity="2" crap="6" count="0"/>
      <line num="161" type="stmt" count="0"/>
      <line num="162" type="stmt" count="0"/>
      <line num="165" type="stmt" count="0"/>
      <line num="166" type="stmt" count="0"/>
      <line num="167" type="stmt" count="0"/>
      <line num="174" type="method" name="finish" visibility="public" complexity="2" crap="2" count="23"/>
      <line num="176" type="stmt" count="23"/>
      <line num="178" type="stmt" count="23"/>
      <line num="179" type="stmt" count="23"/>
      <line num="181" type="stmt" count="23"/>
      <line num="187" type="method" name="abandon" visibility="public" complexity="1" crap="2" count="0"/>
      <line num="189" type="stmt" count="0"/>
      <line num="190" type="stmt" count="0"/>
      <line num="196" type="method" name="flush" visibility="public" complexity="3" crap="12" count="0"/>
      <line num="198" type="stmt" count="0"/>
      <line num="200" type="stmt" count="0"/>
      <line num="201" type="stmt" count="0"/>
      <line num="202" type="stmt" count="0"/>
      <line num="204" type="stmt" count="0"/>
      <line num="209" type="method" name="flushAll" visibility="public" complexity="1" crap="1" count="24"/>
      <line num="211" type="stmt" count="24"/>
      <line num="212" type="stmt" count="24"/>
      <metrics loc="213" ncloc="143" classes="1" methods="14" coveredmethods="5" conditionals="0" coveredconditionals="0" statements="56" coveredstatements="34" elements="70" coveredelements="39"/>
    </file>
    <file name="/Users/matt.rink/Code/FutureMatt/zipkin-php/src/Zipkin/Recording/ReadbackSpan.php">
      <metrics loc="32" ncloc="28" classes="0" methods="0" coveredmethods="0" conditionals="0" coveredconditionals="0" statements="0" coveredstatements="0" elements="0" coveredelements="0"/>
    </file>
    <file name="/Users/matt.rink/Code/FutureMatt/zipkin-php/src/Zipkin/Recording/Span.php">
      <class name="Zipkin\Recording\Span" namespace="global">
        <metrics complexity="38" methods="27" coveredmethods="24" conditionals="0" coveredconditionals="0" statements="74" coveredstatements="69" elements="101" coveredelements="93"/>
      </class>
      <line num="141" type="method" name="__construct" visibility="private" complexity="1" crap="1" count="39"/>
      <line num="150" type="stmt" count="39"/>
      <line num="151" type="stmt" count="39"/>
      <line num="152" type="stmt" count="39"/>
      <line num="153" type="stmt" count="39"/>
      <line num="154" type="stmt" count="39"/>
      <line num="155" type="stmt" count="39"/>
      <line num="156" type="stmt" count="39"/>
      <line num="157" type="stmt" count="39"/>
      <line num="164" type="method" name="createFromContext" visibility="public" complexity="1" crap="1" count="39"/>
      <line num="166" type="stmt" count="39"/>
      <line num="167" type="stmt" count="39"/>
      <line num="168" type="stmt" count="39"/>
      <line num="169" type="stmt" count="39"/>
      <line num="170" type="stmt" count="39"/>
      <line num="171" type="stmt" count="39"/>
      <line num="172" type="stmt" count="39"/>
      <line num="177" type="method" name="getSpanId" visibility="public" complexity="1" crap="1" count="5"/>
      <line num="179" type="stmt" count="5"/>
      <line num="182" type="method" name="getTraceId" visibility="public" complexity="1" crap="1" count="5"/>
      <line num="184" type="stmt" count="5"/>
      <line num="187" type="method" name="getParentId" visibility="public" complexity="1" crap="1" count="5"/>
      <line num="189" type="stmt" count="5"/>
      <line num="192" type="method" name="isSampled" visibility="public" complexity="1" crap="1" count="1"/>
      <line num="194" type="stmt" count="1"/>
      <line num="197" type="method" name="isDebug" visibility="public" complexity="1" crap="1" count="5"/>
      <line num="199" type="stmt" count="5"/>
      <line num="202" type="method" name="isShared" visibility="public" complexity="1" crap="1" count="6"/>
      <line num="204" type="stmt" count="6"/>
      <line num="207" type="method" name="getName" visibility="public" complexity="1" crap="1" count="22"/>
      <line num="209" type="stmt" count="22"/>
      <line num="212" type="method" name="getKind" visibility="public" complexity="1" crap="1" count="6"/>
      <line num="214" type="stmt" count="6"/>
      <line num="217" type="method" name="getTimestamp" visibility="public" complexity="1" crap="1" count="7"/>
      <line num="219" type="stmt" count="7"/>
      <line num="222" type="method" name="getDuration" visibility="public" complexity="1" crap="1" count="5"/>
      <line num="224" type="stmt" count="5"/>
      <line num="227" type="method" name="getLocalEndpoint" visibility="public" complexity="1" crap="1" count="5"/>
      <line num="229" type="stmt" count="5"/>
      <line num="232" type="method" name="getRemoteEndpoint" visibility="public" complexity="1" crap="1" count="5"/>
      <line num="234" type="stmt" count="5"/>
      <line num="237" type="method" name="getTags" visibility="public" complexity="1" crap="1" count="15"/>
      <line num="239" type="stmt" count="15"/>
      <line num="242" type="method" name="getAnnotations" visibility="public" complexity="1" crap="1" count="5"/>
      <line num="244" type="stmt" count="5"/>
      <line num="247" type="method" name="getError" visibility="public" complexity="1" crap="1" count="7"/>
      <line num="249" type="stmt" count="7"/>
      <line num="257" type="method" name="start" visibility="public" complexity="1" crap="1" count="29"/>
      <line num="259" type="stmt" count="29"/>
      <line num="260" type="stmt" count="29"/>
      <line num="262" type="method" name="setName" visibility="public" complexity="1" crap="1" count="26"/>
      <line num="264" type="stmt" count="26"/>
      <line num="265" type="stmt" count="26"/>
      <line num="273" type="method" name="setKind" visibility="public" complexity="1" crap="1" count="7"/>
      <line num="275" type="stmt" count="7"/>
      <line num="276" type="stmt" count="7"/>
      <line num="278" type="method" name="annotate" visibility="public" complexity="1" crap="1" count="2"/>
      <line num="280" type="stmt" count="2"/>
      <line num="281" type="stmt" count="2"/>
      <line num="282" type="stmt" count="2"/>
      <line num="284" type="stmt" count="2"/>
      <line num="286" type="method" name="tag" visibility="public" complexity="1" crap="1" count="16"/>
      <line num="288" type="stmt" count="16"/>
      <line num="289" type="stmt" count="16"/>
      <line num="291" type="method" name="setError" visibility="public" complexity="1" crap="1" count="4"/>
      <line num="293" type="stmt" count="4"/>
      <line num="294" type="stmt" count="4"/>
      <line num="296" type="method" name="setRemoteEndpoint" visibility="public" complexity="1" crap="1" count="1"/>
      <line num="298" type="stmt" count="1"/>
      <line num="299" type="stmt" count="1"/>
      <line num="308" type="method" name="finish" visibility="public" complexity="4" crap="4.07" count="27"/>
      <line num="310" type="stmt" count="27"/>
      <line num="311" type="stmt" count="0"/>
      <line num="314" type="stmt" count="27"/>
      <line num="315" type="stmt" count="25"/>
      <line num="318" type="stmt" count="27"/>
      <line num="319" type="stmt" count="27"/>
      <line num="324" type="method" name="toArray" visibility="public" complexity="8" crap="8.19" count="3"/>
      <line num="327" type="stmt" count="3"/>
      <line num="328" type="stmt" count="3"/>
      <line num="329" type="stmt" count="3"/>
      <line num="330" type="stmt" count="3"/>
      <line num="331" type="stmt" count="3"/>
      <line num="332" type="stmt" count="3"/>
      <line num="335" type="stmt" count="3"/>
      <line num="336" type="stmt" count="1"/>
      <line num="339" type="stmt" count="3"/>
      <line num="340" type="stmt" count="0"/>
      <line num="343" type="stmt" count="3"/>
      <line num="344" type="stmt" count="0"/>
      <line num="347" type="stmt" count="3"/>
      <line num="348" type="stmt" count="3"/>
      <line num="351" type="stmt" count="3"/>
      <line num="352" type="stmt" count="0"/>
      <line num="355" type="stmt" count="3"/>
      <line num="356" type="stmt" count="1"/>
      <line num="359" type="stmt" count="3"/>
      <line num="360" type="stmt" count="3"/>
      <line num="363" type="stmt" count="3"/>
      <line num="366" type="method" name="__toString" visibility="public" complexity="2" crap="6" count="0"/>
      <line num="368" type="stmt" count="0"/>
      <metrics loc="370" ncloc="248" classes="1" methods="27" coveredmethods="24" conditionals="0" coveredconditionals="0" statements="74" coveredstatements="69" elements="101" coveredelements="93"/>
    </file>
    <file name="/Users/matt.rink/Code/FutureMatt/zipkin-php/src/Zipkin/Recording/SpanMap.php">
      <class name="Zipkin\Recording\SpanMap" namespace="global">
        <metrics complexity="7" methods="5" coveredmethods="4" conditionals="0" coveredconditionals="0" statements="16" coveredstatements="15" elements="21" coveredelements="19"/>
      </class>
      <line num="17" type="method" name="get" visibility="public" complexity="1" crap="1" count="28"/>
      <line num="19" type="stmt" count="28"/>
      <line num="21" type="stmt" count="28"/>
      <line num="24" type="method" name="getOrCreate" visibility="public" complexity="2" crap="2" count="28"/>
      <line num="26" type="stmt" count="28"/>
      <line num="28" type="stmt" count="28"/>
      <line num="29" type="stmt" count="28"/>
      <line num="32" type="stmt" count="28"/>
      <line num="35" type="method" name="remove" visibility="public" complexity="2" crap="2.02" count="1"/>
      <line num="37" type="stmt" count="1"/>
      <line num="39" type="stmt" count="1"/>
      <line num="40" type="stmt" count="0"/>
      <line num="43" type="stmt" count="1"/>
      <line num="45" type="stmt" count="1"/>
      <line num="47" type="stmt" count="1"/>
      <line num="53" type="method" name="removeAll" visibility="public" complexity="1" crap="1" count="25"/>
      <line num="55" type="stmt" count="25"/>
      <line num="56" type="stmt" count="25"/>
      <line num="57" type="stmt" count="25"/>
      <line num="60" type="method" name="getHash" visibility="private" complexity="1" crap="1" count="30"/>
      <line num="62" type="stmt" count="30"/>
      <metrics loc="64" ncloc="58" classes="1" methods="5" coveredmethods="4" conditionals="0" coveredconditionals="0" statements="16" coveredstatements="15" elements="21" coveredelements="19"/>
    </file>
    <file name="/Users/matt.rink/Code/FutureMatt/zipkin-php/src/Zipkin/Reporter.php">
      <metrics loc="16" ncloc="12" classes="0" methods="0" coveredmethods="0" conditionals="0" coveredconditionals="0" statements="0" coveredstatements="0" elements="0" coveredelements="0"/>
    </file>
    <file name="/Users/matt.rink/Code/FutureMatt/zipkin-php/src/Zipkin/Reporters/Http.php">
      <class name="Zipkin\Reporters\Http" namespace="global">
        <metrics complexity="13" methods="2" coveredmethods="1" conditionals="0" coveredconditionals="0" statements="32" coveredstatements="29" elements="34" coveredelements="30"/>
      </class>
      <line num="68" type="method" name="__construct" visibility="public" complexity="9" crap="9" count="4"/>
      <line num="79" type="stmt" count="4"/>
      <line num="81" type="stmt" count="1"/>
      <line num="82" type="stmt" count="4"/>
      <line num="84" type="stmt" count="4"/>
      <line num="85" type="stmt" count="1"/>
      <line num="87" type="stmt" count="1"/>
      <line num="88" type="stmt" count="1"/>
      <line num="89" type="stmt" count="1"/>
      <line num="90" type="stmt" count="1"/>
      <line num="91" type="stmt" count="1"/>
      <line num="93" type="stmt" count="1"/>
      <line num="94" type="stmt" count="1"/>
      <line num="95" type="stmt" count="1"/>
      <line num="96" type="stmt" count="1"/>
      <line num="97" type="stmt" count="1"/>
      <line num="102" type="stmt" count="4"/>
      <line num="103" type="stmt" count="4"/>
      <line num="104" type="stmt" count="4"/>
      <line num="105" type="stmt" count="4"/>
      <line num="106" type="stmt" count="4"/>
      <line num="112" type="method" name="report" visibility="public" complexity="4" crap="4.25" count="3"/>
      <line num="114" type="stmt" count="3"/>
      <line num="115" type="stmt" count="1"/>
      <line num="118" type="stmt" count="2"/>
      <line num="119" type="stmt" count="2"/>
      <line num="120" type="stmt" count="0"/>
      <line num="121" type="stmt" count="0"/>
      <line num="123" type="stmt" count="0"/>
      <line num="126" type="stmt" count="2"/>
      <line num="128" type="stmt" count="2"/>
      <line num="129" type="stmt" count="1"/>
      <line num="130" type="stmt" count="1"/>
      <line num="132" type="stmt" count="2"/>
      <metrics loc="133" ncloc="97" classes="1" methods="2" coveredmethods="1" conditionals="0" coveredconditionals="0" statements="32" coveredstatements="29" elements="34" coveredelements="30"/>
    </file>
    <file name="/Users/matt.rink/Code/FutureMatt/zipkin-php/src/Zipkin/Reporters/Http/ClientFactory.php">
      <metrics loc="23" ncloc="10" classes="0" methods="0" coveredmethods="0" conditionals="0" coveredconditionals="0" statements="0" coveredstatements="0" elements="0" coveredelements="0"/>
    </file>
    <file name="/Users/matt.rink/Code/FutureMatt/zipkin-php/src/Zipkin/Reporters/Http/CurlFactory.php">
      <class name="Zipkin\Reporters\Http\CurlFactory" namespace="global">
        <metrics complexity="8" methods="3" coveredmethods="1" conditionals="0" coveredconditionals="0" statements="34" coveredstatements="30" elements="37" coveredelements="31"/>
      </class>
      <line num="12" type="method" name="__construct" visibility="private" complexity="1" crap="1" count="7"/>
      <line num="14" type="stmt" count="7"/>
      <line num="20" type="method" name="create" visibility="public" complexity="2" crap="2.15" count="7"/>
      <line num="22" type="stmt" count="7"/>
      <line num="23" type="stmt" count="0"/>
      <line num="26" type="stmt" count="7"/>
      <line num="32" type="method" name="build" visibility="public" complexity="5" crap="5.03" count="6"/>
      <line num="39" type="stmt" count="6"/>
      <line num="40" type="stmt" count="6"/>
      <line num="41" type="stmt" count="6"/>
      <line num="42" type="stmt" count="0"/>
      <line num="43" type="stmt" count="0"/>
      <line num="47" type="stmt" count="6"/>
      <line num="48" type="stmt" count="6"/>
      <line num="49" type="stmt" count="6"/>
      <line num="51" type="stmt" count="6"/>
      <line num="52" type="stmt" count="6"/>
      <line num="53" type="stmt" count="6"/>
      <line num="55" type="stmt" count="6"/>
      <line num="56" type="stmt" count="6"/>
      <line num="57" type="stmt" count="6"/>
      <line num="58" type="stmt" count="6"/>
      <line num="59" type="stmt" count="6"/>
      <line num="60" type="stmt" count="6"/>
      <line num="62" type="stmt" count="6"/>
      <line num="63" type="stmt" count="0"/>
      <line num="66" type="stmt" count="6"/>
      <line num="67" type="stmt" count="5"/>
      <line num="68" type="stmt" count="5"/>
      <line num="70" type="stmt" count="5"/>
      <line num="71" type="stmt" count="2"/>
      <line num="72" type="stmt" count="5"/>
      <line num="76" type="stmt" count="1"/>
      <line num="77" type="stmt" count="1"/>
      <line num="78" type="stmt" count="1"/>
      <line num="79" type="stmt" count="1"/>
      <line num="82" type="stmt" count="6"/>
      <metrics loc="84" ncloc="77" classes="1" methods="3" coveredmethods="1" conditionals="0" coveredconditionals="0" statements="34" coveredstatements="30" elements="37" coveredelements="31"/>
    </file>
    <file name="/Users/matt.rink/Code/FutureMatt/zipkin-php/src/Zipkin/Reporters/InMemory.php">
      <class name="Zipkin\Reporters\InMemory" namespace="global">
        <metrics complexity="2" methods="2" coveredmethods="2" conditionals="0" coveredconditionals="0" statements="5" coveredstatements="5" elements="7" coveredelements="7"/>
      </class>
      <line num="17" type="method" name="report" visibility="public" complexity="1" crap="1" count="24"/>
      <line num="19" type="stmt" count="24"/>
      <line num="20" type="stmt" count="24"/>
      <line num="25" type="method" name="flush" visibility="public" complexity="1" crap="1" count="24"/>
      <line num="27" type="stmt" count="24"/>
      <line num="28" type="stmt" count="24"/>
      <line num="29" type="stmt" count="24"/>
      <metrics loc="31" ncloc="25" classes="1" methods="2" coveredmethods="2" conditionals="0" coveredconditionals="0" statements="5" coveredstatements="5" elements="7" coveredelements="7"/>
    </file>
    <file name="/Users/matt.rink/Code/FutureMatt/zipkin-php/src/Zipkin/Reporters/JsonV2Serializer.php">
      <class name="Zipkin\Reporters\JsonV2Serializer" namespace="global">
        <metrics complexity="24" methods="5" coveredmethods="4" conditionals="0" coveredconditionals="0" statements="56" coveredstatements="52" elements="61" coveredelements="56"/>
      </class>
      <line num="19" type="method" name="__construct" visibility="public" complexity="1" crap="1" count="7"/>
      <line num="21" type="stmt" count="7"/>
      <line num="22" type="stmt" count="7"/>
      <line num="27" type="method" name="serialize" visibility="public" complexity="1" crap="1" count="5"/>
      <line num="29" type="stmt" count="5"/>
      <line num="31" type="stmt" count="5"/>
      <line num="34" type="method" name="serializeEndpoint" visibility="private" complexity="4" crap="4" count="5"/>
      <line num="36" type="stmt" count="5"/>
      <line num="38" type="stmt" count="5"/>
      <line num="39" type="stmt" count="2"/>
      <line num="42" type="stmt" count="5"/>
      <line num="43" type="stmt" count="1"/>
      <line num="46" type="stmt" count="5"/>
      <line num="47" type="stmt" count="2"/>
      <line num="50" type="stmt" count="5"/>
      <line num="53" type="method" name="escapeString" visibility="private" complexity="2" crap="2" count="5"/>
      <line num="55" type="stmt" count="5"/>
      <line num="56" type="stmt" count="5"/>
      <line num="59" type="method" name="serializeSpan" visibility="private" complexity="16" crap="16.22" count="5"/>
      <line num="62" type="stmt" count="5"/>
      <line num="63" type="stmt" count="5"/>
      <line num="64" type="stmt" count="5"/>
      <line num="66" type="stmt" count="5"/>
      <line num="67" type="stmt" count="4"/>
      <line num="70" type="stmt" count="5"/>
      <line num="71" type="stmt" count="3"/>
      <line num="74" type="stmt" count="5"/>
      <line num="75" type="stmt" count="5"/>
      <line num="78" type="stmt" count="5"/>
      <line num="79" type="stmt" count="0"/>
      <line num="82" type="stmt" count="5"/>
      <line num="83" type="stmt" count="0"/>
      <line num="86" type="stmt" count="5"/>
      <line num="87" type="stmt" count="0"/>
      <line num="90" type="stmt" count="5"/>
      <line num="91" type="stmt" count="1"/>
      <line num="94" type="stmt" count="5"/>
      <line num="95" type="stmt" count="1"/>
      <line num="98" type="stmt" count="5"/>
      <line num="99" type="stmt" count="1"/>
      <line num="100" type="stmt" count="1"/>
      <line num="101" type="stmt" count="1"/>
      <line num="102" type="stmt" count="1"/>
      <line num="103" type="stmt" count="1"/>
      <line num="105" type="stmt" count="0"/>
      <line num="107" type="stmt" count="1"/>
      <line num="108" type="stmt" count="1"/>
      <line num="110" type="stmt" count="1"/>
      <line num="113" type="stmt" count="5"/>
      <line num="114" type="stmt" count="3"/>
      <line num="116" type="stmt" count="2"/>
      <line num="119" type="stmt" count="5"/>
      <line num="120" type="stmt" count="3"/>
      <line num="121" type="stmt" count="3"/>
      <line num="122" type="stmt" count="3"/>
      <line num="123" type="stmt" count="3"/>
      <line num="124" type="stmt" count="3"/>
      <line num="126" type="stmt" count="3"/>
      <line num="128" type="stmt" count="3"/>
      <line num="130" type="stmt" count="3"/>
      <line num="133" type="stmt" count="5"/>
      <metrics loc="135" ncloc="129" classes="1" methods="5" coveredmethods="4" conditionals="0" coveredconditionals="0" statements="56" coveredstatements="52" elements="61" coveredelements="56"/>
    </file>
    <file name="/Users/matt.rink/Code/FutureMatt/zipkin-php/src/Zipkin/Reporters/Log.php">
      <class name="Zipkin\Reporters\Log" namespace="global">
        <metrics complexity="3" methods="2" coveredmethods="1" conditionals="0" coveredconditionals="0" statements="5" coveredstatements="2" elements="7" coveredelements="3"/>
      </class>
      <line num="21" type="method" name="__construct" visibility="public" complexity="1" crap="1" count="1"/>
      <line num="23" type="stmt" count="1"/>
      <line num="24" type="stmt" count="1"/>
      <line num="29" type="method" name="report" visibility="public" complexity="2" crap="6" count="0"/>
      <line num="31" type="stmt" count="0"/>
      <line num="32" type="stmt" count="0"/>
      <line num="34" type="stmt" count="0"/>
      <metrics loc="35" ncloc="26" classes="1" methods="2" coveredmethods="1" conditionals="0" coveredconditionals="0" statements="5" coveredstatements="2" elements="7" coveredelements="3"/>
    </file>
    <file name="/Users/matt.rink/Code/FutureMatt/zipkin-php/src/Zipkin/Reporters/Noop.php">
      <class name="Zipkin\Reporters\Noop" namespace="global">
        <metrics complexity="1" methods="1" coveredmethods="0" conditionals="0" coveredconditionals="0" statements="1" coveredstatements="0" elements="2" coveredelements="0"/>
      </class>
      <line num="16" type="method" name="report" visibility="public" complexity="1" crap="2" count="0"/>
      <line num="18" type="stmt" count="0"/>
      <metrics loc="19" ncloc="15" classes="1" methods="1" coveredmethods="0" conditionals="0" coveredconditionals="0" statements="1" coveredstatements="0" elements="2" coveredelements="0"/>
    </file>
    <file name="/Users/matt.rink/Code/FutureMatt/zipkin-php/src/Zipkin/Reporters/SpanSerializer.php">
      <metrics loc="20" ncloc="12" classes="0" methods="0" coveredmethods="0" conditionals="0" coveredconditionals="0" statements="0" coveredstatements="0" elements="0" coveredelements="0"/>
    </file>
    <file name="/Users/matt.rink/Code/FutureMatt/zipkin-php/src/Zipkin/Samplers/BinarySampler.php">
      <class name="Zipkin\Samplers\BinarySampler" namespace="global">
        <metrics complexity="4" methods="4" coveredmethods="4" conditionals="0" coveredconditionals="0" statements="5" coveredstatements="5" elements="9" coveredelements="9"/>
      </class>
      <line num="16" type="method" name="__construct" visibility="private" complexity="1" crap="1" count="47"/>
      <line num="18" type="stmt" count="47"/>
      <line num="19" type="stmt" count="47"/>
      <line num="21" type="method" name="createAsAlwaysSample" visibility="public" complexity="1" crap="1" count="30"/>
      <line num="23" type="stmt" count="30"/>
      <line num="26" type="method" name="createAsNeverSample" visibility="public" complexity="1" crap="1" count="17"/>
      <line num="28" type="stmt" count="17"/>
      <line num="34" type="method" name="isSampled" visibility="public" complexity="1" crap="1" count="30"/>
      <line num="36" type="stmt" count="30"/>
      <metrics loc="38" ncloc="32" classes="1" methods="4" coveredmethods="4" conditionals="0" coveredconditionals="0" statements="5" coveredstatements="5" elements="9" coveredelements="9"/>
    </file>
    <file name="/Users/matt.rink/Code/FutureMatt/zipkin-php/src/Zipkin/Samplers/PercentageSampler.php">
      <class name="Zipkin\Samplers\PercentageSampler" namespace="global">
        <metrics complexity="5" methods="3" coveredmethods="0" conditionals="0" coveredconditionals="0" statements="7" coveredstatements="0" elements="10" coveredelements="0"/>
      </class>
      <line num="17" type="method" name="__construct" visibility="private" complexity="1" crap="2" count="0"/>
      <line num="19" type="stmt" count="0"/>
      <line num="20" type="stmt" count="0"/>
      <line num="27" type="method" name="create" visibility="public" complexity="3" crap="12" count="0"/>
      <line num="29" type="stmt" count="0"/>
      <line num="30" type="stmt" count="0"/>
      <line num="31" type="stmt" count="0"/>
      <line num="34" type="stmt" count="0"/>
      <line num="40" type="method" name="isSampled" visibility="public" complexity="1" crap="2" count="0"/>
      <line num="42" type="stmt" count="0"/>
      <metrics loc="44" ncloc="33" classes="1" methods="3" coveredmethods="0" conditionals="0" coveredconditionals="0" statements="7" coveredstatements="0" elements="10" coveredelements="0"/>
    </file>
    <file name="/Users/matt.rink/Code/FutureMatt/zipkin-php/src/Zipkin/SpanCustomizer.php">
      <metrics loc="45" ncloc="14" classes="0" methods="0" coveredmethods="0" conditionals="0" coveredconditionals="0" statements="0" coveredstatements="0" elements="0" coveredelements="0"/>
    </file>
    <file name="/Users/matt.rink/Code/FutureMatt/zipkin-php/src/Zipkin/SpanCustomizerShield.php">
      <class name="Zipkin\SpanCustomizerShield" namespace="global">
        <metrics complexity="4" methods="4" coveredmethods="4" conditionals="0" coveredconditionals="0" statements="8" coveredstatements="8" elements="12" coveredelements="12"/>
      </class>
      <line num="19" type="method" name="__construct" visibility="public" complexity="1" crap="1" count="13"/>
      <line num="21" type="stmt" count="13"/>
      <line num="22" type="stmt" count="13"/>
      <line num="27" type="method" name="setName" visibility="public" complexity="1" crap="1" count="6"/>
      <line num="29" type="stmt" count="6"/>
      <line num="30" type="stmt" count="6"/>
      <line num="35" type="method" name="tag" visibility="public" complexity="1" crap="1" count="13"/>
      <line num="37" type="stmt" count="13"/>
      <line num="38" type="stmt" count="13"/>
      <line num="43" type="method" name="annotate" visibility="public" complexity="1" crap="1" count="1"/>
      <line num="45" type="stmt" count="1"/>
      <line num="46" type="stmt" count="1"/>
      <metrics loc="47" ncloc="30" classes="1" methods="4" coveredmethods="4" conditionals="0" coveredconditionals="0" statements="8" coveredstatements="8" elements="12" coveredelements="12"/>
    </file>
    <file name="/Users/matt.rink/Code/FutureMatt/zipkin-php/src/Zipkin/SpanName.php">
      <line num="14" type="stmt" count="8"/>
      <line num="15" type="stmt" count="8"/>
      <line num="16" type="stmt" count="8"/>
      <line num="17" type="stmt" count="2"/>
      <line num="18" type="stmt" count="6"/>
      <line num="19" type="stmt" count="3"/>
      <line num="20" type="stmt" count="1"/>
      <line num="21" type="stmt" count="2"/>
      <line num="22" type="stmt" count="1"/>
      <line num="24" type="stmt" count="3"/>
      <line num="26" type="stmt" count="3"/>
      <line num="27" type="stmt" count="2"/>
      <line num="28" type="stmt" count="2"/>
      <line num="29" type="stmt" count="0"/>
      <line num="32" type="stmt" count="8"/>
      <line num="33" type="stmt" count="8"/>
      <metrics loc="34" ncloc="29" classes="0" methods="0" coveredmethods="0" conditionals="0" coveredconditionals="0" statements="16" coveredstatements="15" elements="16" coveredelements="15"/>
    </file>
    <file name="/Users/matt.rink/Code/FutureMatt/zipkin-php/src/Zipkin/Timestamp.php">
      <line num="14" type="stmt" count="30"/>
      <line num="25" type="stmt" count="8"/>
      <metrics loc="26" ncloc="15" classes="0" methods="0" coveredmethods="0" conditionals="0" coveredconditionals="0" statements="2" coveredstatements="2" elements="2" coveredelements="2"/>
    </file>
    <file name="/Users/matt.rink/Code/FutureMatt/zipkin-php/src/Zipkin/Tracer.php">
      <class name="Zipkin\Tracer" namespace="global">
        <metrics complexity="37" methods="13" coveredmethods="8" conditionals="0" coveredconditionals="0" statements="70" coveredstatements="62" elements="83" coveredelements="70"/>
      </class>
      <line num="65" type="method" name="__construct" visibility="public" complexity="1" crap="1" count="51"/>
      <line num="75" type="stmt" count="51"/>
      <line num="76" type="stmt" count="51"/>
      <line num="77" type="stmt" count="51"/>
      <line num="78" type="stmt" count="51"/>
      <line num="79" type="stmt" count="51"/>
      <line num="80" type="stmt" count="51"/>
      <line num="81" type="stmt" count="51"/>
      <line num="82" type="stmt" count="51"/>
      <line num="106" type="method" name="newTrace" visibility="public" complexity="2" crap="2" count="25"/>
      <line num="108" type="stmt" count="25"/>
      <line num="109" type="stmt" count="21"/>
      <line num="112" type="stmt" count="25"/>
      <line num="123" type="method" name="newChild" visibility="public" complexity="1" crap="1" count="3"/>
      <line num="125" type="stmt" count="3"/>
      <line num="150" type="method" name="joinSpan" visibility="public" complexity="2" crap="2.15" count="2"/>
      <line num="152" type="stmt" count="2"/>
      <line num="153" type="stmt" count="0"/>
      <line num="156" type="stmt" count="2"/>
      <line num="172" type="method" name="openScope" visibility="public" complexity="2" crap="2" count="4"/>
      <line num="174" type="stmt" count="4"/>
      <line num="175" type="stmt" count="4"/>
      <line num="184" type="method" name="getCurrentSpan" visibility="public" complexity="2" crap="2" count="1"/>
      <line num="186" type="stmt" count="1"/>
      <line num="187" type="stmt" count="1"/>
      <line num="198" type="method" name="flush" visibility="public" complexity="1" crap="1" count="24"/>
      <line num="200" type="stmt" count="24"/>
      <line num="201" type="stmt" count="24"/>
      <line num="226" type="method" name="nextSpan" visibility="public" complexity="6" crap="6.04" count="36"/>
      <line num="228" type="stmt" count="36"/>
      <line num="229" type="stmt" count="20"/>
      <line num="230" type="stmt" count="20"/>
      <line num="233" type="stmt" count="17"/>
      <line num="234" type="stmt" count="4"/>
      <line num="237" type="stmt" count="13"/>
      <line num="238" type="stmt" count="13"/>
      <line num="239" type="stmt" count="13"/>
      <line num="240" type="stmt" count="13"/>
      <line num="244" type="stmt" count="0"/>
      <line num="260" type="method" name="nextSpanWithSampler" visibility="public" complexity="5" crap="5.68" count="3"/>
      <line num="265" type="stmt" count="3"/>
      <line num="266" type="stmt" count="0"/>
      <line num="269" type="stmt" count="3"/>
      <line num="270" type="stmt" count="0"/>
      <line num="271" type="stmt" count="0"/>
      <line num="274" type="stmt" count="3"/>
      <line num="275" type="stmt" count="1"/>
      <line num="278" type="stmt" count="2"/>
      <line num="280" type="stmt" count="2"/>
      <line num="281" type="stmt" count="2"/>
      <line num="332" type="method" name="inSpan" visibility="public" complexity="7" crap="7.06" count="15"/>
      <line num="339" type="stmt" count="15"/>
      <line num="340" type="stmt" count="15"/>
      <line num="342" type="stmt" count="0"/>
      <line num="344" type="stmt" count="0"/>
      <line num="348" type="stmt" count="15"/>
      <line num="349" type="stmt" count="15"/>
      <line num="350" type="stmt" count="7"/>
      <line num="353" type="stmt" count="15"/>
      <line num="354" type="stmt" count="15"/>
      <line num="357" type="stmt" count="15"/>
      <line num="358" type="stmt" count="14"/>
      <line num="359" type="stmt" count="7"/>
      <line num="361" type="stmt" count="14"/>
      <line num="362" type="stmt" count="1"/>
      <line num="363" type="stmt" count="1"/>
      <line num="364" type="stmt" count="1"/>
      <line num="366" type="stmt" count="15"/>
      <line num="367" type="stmt" count="7"/>
      <line num="369" type="stmt" count="15"/>
      <line num="377" type="method" name="newRootContext" visibility="private" complexity="2" crap="2" count="38"/>
      <line num="379" type="stmt" count="38"/>
      <line num="381" type="stmt" count="38"/>
      <line num="382" type="stmt" count="28"/>
      <line num="385" type="stmt" count="38"/>
      <line num="392" type="method" name="ensureSampled" visibility="private" complexity="2" crap="2.15" count="25"/>
      <line num="394" type="stmt" count="25"/>
      <line num="395" type="stmt" count="0"/>
      <line num="398" type="stmt" count="25"/>
      <line num="407" type="method" name="toSpan" visibility="private" complexity="4" crap="4" count="45"/>
      <line num="409" type="stmt" count="45"/>
      <line num="410" type="stmt" count="36"/>
      <line num="413" type="stmt" count="9"/>
      <metrics loc="415" ncloc="209" classes="1" methods="13" coveredmethods="8" conditionals="0" coveredconditionals="0" statements="70" coveredstatements="62" elements="83" coveredelements="70"/>
    </file>
    <file name="/Users/matt.rink/Code/FutureMatt/zipkin-php/src/Zipkin/Tracing.php">
      <metrics loc="34" ncloc="16" classes="0" methods="0" coveredmethods="0" conditionals="0" coveredconditionals="0" statements="0" coveredstatements="0" elements="0" coveredelements="0"/>
    </file>
    <file name="/Users/matt.rink/Code/FutureMatt/zipkin-php/src/Zipkin/TracingBuilder.php">
      <class name="Zipkin\TracingBuilder" namespace="global">
        <metrics complexity="16" methods="12" coveredmethods="11" conditionals="0" coveredconditionals="0" statements="36" coveredstatements="35" elements="48" coveredelements="46"/>
      </class>
      <line num="66" type="method" name="create" visibility="public" complexity="1" crap="1" count="15"/>
      <line num="68" type="stmt" count="15"/>
      <line num="78" type="method" name="havingLocalServiceName" visibility="public" complexity="1" crap="1" count="4"/>
      <line num="80" type="stmt" count="4"/>
      <line num="81" type="stmt" count="4"/>
      <line num="88" type="method" name="havingLocalEndpoint" visibility="public" complexity="1" crap="1" count="4"/>
      <line num="90" type="stmt" count="4"/>
      <line num="91" type="stmt" count="4"/>
      <line num="114" type="method" name="havingReporter" visibility="public" complexity="1" crap="1" count="14"/>
      <line num="116" type="stmt" count="14"/>
      <line num="117" type="stmt" count="14"/>
      <line num="127" type="method" name="havingSampler" visibility="public" complexity="1" crap="1" count="14"/>
      <line num="129" type="stmt" count="14"/>
      <line num="130" type="stmt" count="14"/>
      <line num="139" type="method" name="havingTraceId128bits" visibility="public" complexity="1" crap="1" count="2"/>
      <line num="141" type="stmt" count="2"/>
      <line num="142" type="stmt" count="2"/>
      <line num="149" type="method" name="havingCurrentTraceContext" visibility="public" complexity="1" crap="1" count="2"/>
      <line num="151" type="stmt" count="2"/>
      <line num="152" type="stmt" count="2"/>
      <line num="162" type="method" name="beingNoop" visibility="public" complexity="1" crap="1" count="2"/>
      <line num="164" type="stmt" count="2"/>
      <line num="165" type="stmt" count="2"/>
      <line num="168" type="method" name="havingPropagation" visibility="public" complexity="1" crap="1" count="2"/>
      <line num="170" type="stmt" count="2"/>
      <line num="171" type="stmt" count="2"/>
      <line num="185" type="method" name="supportingJoin" visibility="public" complexity="1" crap="1" count="2"/>
      <line num="187" type="stmt" count="2"/>
      <line num="188" type="stmt" count="2"/>
      <line num="202" type="method" name="alwaysReportingSpans" visibility="public" complexity="1" crap="1" count="1"/>
      <line num="204" type="stmt" count="1"/>
      <line num="205" type="stmt" count="1"/>
      <line num="211" type="method" name="build" visibility="public" complexity="5" crap="5.01" count="15"/>
      <line num="213" type="stmt" count="15"/>
      <line num="214" type="stmt" count="15"/>
      <line num="215" type="stmt" count="11"/>
      <line num="216" type="stmt" count="11"/>
      <line num="217" type="stmt" count="0"/>
      <line num="221" type="stmt" count="15"/>
      <line num="222" type="stmt" count="15"/>
      <line num="223" type="stmt" count="15"/>
      <line num="224" type="stmt" count="15"/>
      <line num="226" type="stmt" count="15"/>
      <line num="227" type="stmt" count="15"/>
      <line num="230" type="stmt" count="15"/>
      <line num="232" type="stmt" count="15"/>
      <line num="234" type="stmt" count="15"/>
      <line num="235" type="stmt" count="15"/>
      <metrics loc="238" ncloc="128" classes="1" methods="12" coveredmethods="11" conditionals="0" coveredconditionals="0" statements="36" coveredstatements="35" elements="48" coveredelements="46"/>
    </file>
    <metrics files="58" loc="4712" ncloc="3217" classes="45" methods="238" coveredmethods="179" conditionals="0" coveredconditionals="0" statements="898" coveredstatements="779" elements="1136" coveredelements="958"/>
  </project>
</coverage>
